<?xml version="1.0" encoding="UTF-8"?>
<!-- Generated by org.testng.reporters.JUnitReportReporter -->
<testsuite hostname="USER-PC" failures="0" tests="5" name="practice.DataProviderPracticeTest" time="0.024" errors="0" timestamp="2021-12-20T22:45:47 IST" skipped="0">
  <testcase classname="practice.DataProviderPracticeTest" name="readDataproviderPracticetest" time="0.002"/>
  <system-out/>
  <testcase classname="practice.DataProviderPracticeTest" name="readDataproviderPracticetest" time="0.003"/>
  <system-out/>
  <testcase classname="practice.DataProviderPracticeTest" name="readDataproviderPracticetest" time="0.002"/>
  <system-out/>
  <testcase classname="practice.DataProviderPracticeTest" name="readDataproviderPracticetest" time="0.013"/>
  <system-out/>
  <testcase classname="practice.DataProviderPracticeTest" name="readDataproviderPracticetest" time="0.004"/>
  <system-out/>
</testsuite> <!-- practice.DataProviderPracticeTest -->
