<?xml version="1.0" encoding="UTF-8"?>
<!-- Generated by org.testng.reporters.JUnitReportReporter -->
<testsuite hostname="USER-PC" failures="0" tests="5" name="sdet27.DataProviderPracticeTest" time="0.019" errors="0" timestamp="2021-12-20T22:59:03 IST" skipped="0">
  <testcase classname="sdet27.DataProviderPracticeTest" name="readDataproviderPracticetest" time="0.009"/>
  <system-out/>
  <testcase classname="sdet27.DataProviderPracticeTest" name="readDataproviderPracticetest" time="0.002"/>
  <system-out/>
  <testcase classname="sdet27.DataProviderPracticeTest" name="readDataproviderPracticetest" time="0.002"/>
  <system-out/>
  <testcase classname="sdet27.DataProviderPracticeTest" name="readDataproviderPracticetest" time="0.003"/>
  <system-out/>
  <testcase classname="sdet27.DataProviderPracticeTest" name="readDataproviderPracticetest" time="0.003"/>
  <system-out/>
</testsuite> <!-- sdet27.DataProviderPracticeTest -->
